{"C:\\Users\\user\\projects\\Tefilati\\models\\others\\Niftar.js": {"path":"C:\\Users\\user\\projects\\Tefilati\\models\\others\\Niftar.js","statementMap":{"0":{"start":{"line":3,"column":7},"end":{"line":3,"column":32}},"1":{"start":{"line":4,"column":7},"end":{"line":4,"column":24}}},"fnMap":{"0":{"name":"(anonymous_0)","decl":{"start":{"line":2,"column":4},"end":{"line":2,"column":5}},"loc":{"start":{"line":2,"column":32},"end":{"line":5,"column":7}},"line":2}},"branchMap":{},"s":{"0":1,"1":1},"f":{"0":1},"b":{},"_coverageSchema":"1a1c01bbd47fc00a2c39e90264f33305004495a9","hash":"37988cb1bb52325ff963416d7d82cb32e15a83dc"}
,"C:\\Users\\user\\projects\\Tefilati\\models\\others\\Note.js": {"path":"C:\\Users\\user\\projects\\Tefilati\\models\\others\\Note.js","statementMap":{"0":{"start":{"line":3,"column":7},"end":{"line":3,"column":26}},"1":{"start":{"line":4,"column":7},"end":{"line":4,"column":24}},"2":{"start":{"line":5,"column":7},"end":{"line":5,"column":30}},"3":{"start":{"line":6,"column":7},"end":{"line":6,"column":24}}},"fnMap":{"0":{"name":"(anonymous_0)","decl":{"start":{"line":2,"column":4},"end":{"line":2,"column":5}},"loc":{"start":{"line":2,"column":44},"end":{"line":7,"column":7}},"line":2}},"branchMap":{},"s":{"0":1,"1":1,"2":1,"3":1},"f":{"0":1},"b":{},"_coverageSchema":"1a1c01bbd47fc00a2c39e90264f33305004495a9","hash":"e33a5684340d9a4e29e174903301739c60e57986"}
,"C:\\Users\\user\\projects\\Tefilati\\models\\others\\Payment.js": {"path":"C:\\Users\\user\\projects\\Tefilati\\models\\others\\Payment.js","statementMap":{"0":{"start":{"line":3,"column":7},"end":{"line":3,"column":26}},"1":{"start":{"line":4,"column":7},"end":{"line":4,"column":30}},"2":{"start":{"line":5,"column":7},"end":{"line":5,"column":24}},"3":{"start":{"line":6,"column":7},"end":{"line":6,"column":32}},"4":{"start":{"line":7,"column":7},"end":{"line":7,"column":26}},"5":{"start":{"line":8,"column":7},"end":{"line":8,"column":24}},"6":{"start":{"line":9,"column":7},"end":{"line":9,"column":32}}},"fnMap":{"0":{"name":"(anonymous_0)","decl":{"start":{"line":2,"column":4},"end":{"line":2,"column":5}},"loc":{"start":{"line":2,"column":71},"end":{"line":10,"column":7}},"line":2}},"branchMap":{},"s":{"0":1,"1":1,"2":1,"3":1,"4":1,"5":1,"6":1},"f":{"0":1},"b":{},"_coverageSchema":"1a1c01bbd47fc00a2c39e90264f33305004495a9","hash":"4dfb498684684f75504d6b0d2ae2402a95e889df"}
,"C:\\Users\\user\\projects\\Tefilati\\models\\others\\Request.js": {"path":"C:\\Users\\user\\projects\\Tefilati\\models\\others\\Request.js","statementMap":{"0":{"start":{"line":4,"column":7},"end":{"line":4,"column":42}},"1":{"start":{"line":5,"column":7},"end":{"line":5,"column":48}},"2":{"start":{"line":6,"column":7},"end":{"line":6,"column":44}},"3":{"start":{"line":7,"column":7},"end":{"line":7,"column":34}},"4":{"start":{"line":8,"column":7},"end":{"line":8,"column":32}},"5":{"start":{"line":9,"column":7},"end":{"line":9,"column":26}},"6":{"start":{"line":10,"column":7},"end":{"line":10,"column":26}},"7":{"start":{"line":11,"column":7},"end":{"line":11,"column":32}},"8":{"start":{"line":12,"column":7},"end":{"line":12,"column":22}},"9":{"start":{"line":13,"column":7},"end":{"line":13,"column":34}},"10":{"start":{"line":14,"column":7},"end":{"line":14,"column":28}},"11":{"start":{"line":15,"column":7},"end":{"line":15,"column":26}},"12":{"start":{"line":16,"column":7},"end":{"line":16,"column":30}}},"fnMap":{"0":{"name":"(anonymous_0)","decl":{"start":{"line":2,"column":4},"end":{"line":2,"column":5}},"loc":{"start":{"line":2,"column":150},"end":{"line":17,"column":7}},"line":2}},"branchMap":{},"s":{"0":1,"1":1,"2":1,"3":1,"4":1,"5":1,"6":1,"7":1,"8":1,"9":1,"10":1,"11":1,"12":1},"f":{"0":1},"b":{},"_coverageSchema":"1a1c01bbd47fc00a2c39e90264f33305004495a9","hash":"b30c7c9927579b463618500243807cbde7145cf4"}
,"C:\\Users\\user\\projects\\Tefilati\\models\\others\\Sale.js": {"path":"C:\\Users\\user\\projects\\Tefilati\\models\\others\\Sale.js","statementMap":{"0":{"start":{"line":3,"column":7},"end":{"line":3,"column":32}},"1":{"start":{"line":4,"column":7},"end":{"line":4,"column":26}},"2":{"start":{"line":5,"column":7},"end":{"line":5,"column":24}},"3":{"start":{"line":6,"column":7},"end":{"line":6,"column":28}},"4":{"start":{"line":9,"column":4},"end":{"line":9,"column":22}}},"fnMap":{"0":{"name":"(anonymous_0)","decl":{"start":{"line":2,"column":4},"end":{"line":2,"column":5}},"loc":{"start":{"line":2,"column":48},"end":{"line":7,"column":7}},"line":2},"1":{"name":"(anonymous_1)","decl":{"start":{"line":8,"column":0},"end":{"line":8,"column":1}},"loc":{"start":{"line":8,"column":14},"end":{"line":10,"column":1}},"line":8}},"branchMap":{},"s":{"0":1,"1":1,"2":1,"3":1,"4":1},"f":{"0":1,"1":1},"b":{},"_coverageSchema":"1a1c01bbd47fc00a2c39e90264f33305004495a9","hash":"57f4caee2e5e07202cdfdda14519d610e3586725"}
,"C:\\Users\\user\\projects\\Tefilati\\models\\others\\Synagogue.js": {"path":"C:\\Users\\user\\projects\\Tefilati\\models\\others\\Synagogue.js","statementMap":{"0":{"start":{"line":3,"column":8},"end":{"line":3,"column":25}},"1":{"start":{"line":4,"column":8},"end":{"line":4,"column":31}},"2":{"start":{"line":5,"column":8},"end":{"line":5,"column":27}},"3":{"start":{"line":6,"column":8},"end":{"line":6,"column":33}},"4":{"start":{"line":8,"column":8},"end":{"line":8,"column":35}},"5":{"start":{"line":9,"column":8},"end":{"line":9,"column":29}},"6":{"start":{"line":10,"column":8},"end":{"line":10,"column":27}},"7":{"start":{"line":11,"column":8},"end":{"line":11,"column":31}},"8":{"start":{"line":14,"column":8},"end":{"line":14,"column":30}},"9":{"start":{"line":17,"column":8},"end":{"line":17,"column":27}},"10":{"start":{"line":20,"column":8},"end":{"line":20,"column":26}},"11":{"start":{"line":23,"column":8},"end":{"line":23,"column":28}}},"fnMap":{"0":{"name":"(anonymous_0)","decl":{"start":{"line":2,"column":4},"end":{"line":2,"column":5}},"loc":{"start":{"line":2,"column":82},"end":{"line":12,"column":5}},"line":2},"1":{"name":"(anonymous_1)","decl":{"start":{"line":13,"column":4},"end":{"line":13,"column":5}},"loc":{"start":{"line":13,"column":23},"end":{"line":15,"column":5}},"line":13},"2":{"name":"(anonymous_2)","decl":{"start":{"line":16,"column":4},"end":{"line":16,"column":5}},"loc":{"start":{"line":16,"column":20},"end":{"line":18,"column":5}},"line":16},"3":{"name":"(anonymous_3)","decl":{"start":{"line":19,"column":4},"end":{"line":19,"column":5}},"loc":{"start":{"line":19,"column":19},"end":{"line":21,"column":5}},"line":19},"4":{"name":"(anonymous_4)","decl":{"start":{"line":22,"column":4},"end":{"line":22,"column":5}},"loc":{"start":{"line":22,"column":21},"end":{"line":24,"column":5}},"line":22}},"branchMap":{},"s":{"0":1,"1":1,"2":1,"3":1,"4":1,"5":1,"6":1,"7":1,"8":1,"9":1,"10":1,"11":1},"f":{"0":1,"1":1,"2":1,"3":1,"4":1},"b":{},"_coverageSchema":"1a1c01bbd47fc00a2c39e90264f33305004495a9","hash":"66bf2405527b712c381facd2b389dee7950fa4fc"}
,"C:\\Users\\user\\projects\\Tefilati\\models\\users\\User.js": {"path":"C:\\Users\\user\\projects\\Tefilati\\models\\users\\User.js","statementMap":{"0":{"start":{"line":4,"column":8},"end":{"line":4,"column":35}},"1":{"start":{"line":5,"column":8},"end":{"line":5,"column":33}},"2":{"start":{"line":6,"column":8},"end":{"line":6,"column":27}},"3":{"start":{"line":7,"column":8},"end":{"line":7,"column":33}},"4":{"start":{"line":8,"column":8},"end":{"line":8,"column":39}},"5":{"start":{"line":9,"column":8},"end":{"line":9,"column":35}},"6":{"start":{"line":10,"column":8},"end":{"line":10,"column":23}},"7":{"start":{"line":11,"column":8},"end":{"line":11,"column":29}},"8":{"start":{"line":14,"column":8},"end":{"line":14,"column":18}},"9":{"start":{"line":15,"column":8},"end":{"line":15,"column":70}},"10":{"start":{"line":18,"column":8},"end":{"line":18,"column":29}}},"fnMap":{"0":{"name":"(anonymous_0)","decl":{"start":{"line":3,"column":4},"end":{"line":3,"column":5}},"loc":{"start":{"line":3,"column":82},"end":{"line":12,"column":5}},"line":3},"1":{"name":"(anonymous_1)","decl":{"start":{"line":13,"column":4},"end":{"line":13,"column":5}},"loc":{"start":{"line":13,"column":15},"end":{"line":16,"column":5}},"line":13},"2":{"name":"(anonymous_2)","decl":{"start":{"line":17,"column":4},"end":{"line":17,"column":5}},"loc":{"start":{"line":17,"column":22},"end":{"line":19,"column":5}},"line":17}},"branchMap":{},"s":{"0":1,"1":1,"2":1,"3":1,"4":1,"5":1,"6":1,"7":1,"8":1,"9":1,"10":1},"f":{"0":1,"1":1,"2":1},"b":{},"_coverageSchema":"1a1c01bbd47fc00a2c39e90264f33305004495a9","hash":"634013c65b8277c6fef5034cbafb0cc44ee00343"}
,"C:\\Users\\user\\projects\\Tefilati\\util\\util.js": {"path":"C:\\Users\\user\\projects\\Tefilati\\util\\util.js","statementMap":{"0":{"start":{"line":1,"column":0},"end":{"line":16,"column":4}},"1":{"start":{"line":3,"column":4},"end":{"line":5,"column":5}},"2":{"start":{"line":4,"column":6},"end":{"line":4,"column":19}},"3":{"start":{"line":6,"column":4},"end":{"line":8,"column":5}},"4":{"start":{"line":7,"column":6},"end":{"line":7,"column":19}},"5":{"start":{"line":9,"column":4},"end":{"line":11,"column":5}},"6":{"start":{"line":10,"column":6},"end":{"line":10,"column":19}},"7":{"start":{"line":12,"column":4},"end":{"line":14,"column":5}},"8":{"start":{"line":13,"column":6},"end":{"line":13,"column":19}},"9":{"start":{"line":15,"column":4},"end":{"line":15,"column":16}}},"fnMap":{"0":{"name":"(anonymous_0)","decl":{"start":{"line":1,"column":21},"end":{"line":1,"column":22}},"loc":{"start":{"line":1,"column":64},"end":{"line":16,"column":3}},"line":1}},"branchMap":{"0":{"loc":{"start":{"line":3,"column":4},"end":{"line":5,"column":5}},"type":"if","locations":[{"start":{"line":3,"column":4},"end":{"line":5,"column":5}},{"start":{},"end":{}}],"line":3},"1":{"loc":{"start":{"line":6,"column":4},"end":{"line":8,"column":5}},"type":"if","locations":[{"start":{"line":6,"column":4},"end":{"line":8,"column":5}},{"start":{},"end":{}}],"line":6},"2":{"loc":{"start":{"line":9,"column":4},"end":{"line":11,"column":5}},"type":"if","locations":[{"start":{"line":9,"column":4},"end":{"line":11,"column":5}},{"start":{},"end":{}}],"line":9},"3":{"loc":{"start":{"line":9,"column":8},"end":{"line":9,"column":64}},"type":"binary-expr","locations":[{"start":{"line":9,"column":8},"end":{"line":9,"column":26}},{"start":{"line":9,"column":30},"end":{"line":9,"column":45}},{"start":{"line":9,"column":49},"end":{"line":9,"column":64}}],"line":9},"4":{"loc":{"start":{"line":12,"column":4},"end":{"line":14,"column":5}},"type":"if","locations":[{"start":{"line":12,"column":4},"end":{"line":14,"column":5}},{"start":{},"end":{}}],"line":12}},"s":{"0":1,"1":6,"2":1,"3":5,"4":1,"5":4,"6":2,"7":2,"8":1,"9":1},"f":{"0":6},"b":{"0":[1,5],"1":[1,4],"2":[2,2],"3":[4,4,3],"4":[1,1]},"_coverageSchema":"1a1c01bbd47fc00a2c39e90264f33305004495a9","hash":"4d5ea38f326e84842d38cf79a1b26c812855f200"}
}
